<?xml version="1.0" encoding="UTF-8"?>
<testsuite xmlns:xsi="http://www.w3.org/2001/XMLSchema-instance" xsi:noNamespaceSchemaLocation="https://maven.apache.org/surefire/maven-surefire-plugin/xsd/surefire-test-report.xsd" version="3.0.2" name="com.bookstore.onlinebookstore.DemoApplicationTests" time="1.344" tests="1" errors="0" skipped="0" failures="0" flakes="0">
  <properties>
[...]
</properties>
  <testcase name="contextLoads" classname="com.bookstore.onlinebookstore.DemoApplicationTests" time="0.218">
    <system-out><![CDATA[23:34:11.417 [main] INFO org.springframework.test.context.support.AnnotationConfigContextLoaderUtils -- Could not detect default configuration classes for test class [com.bookstore.onlinebookstore.DemoApplicationTests]: DemoApplicationTests does not declare any static, non-private, non-final, nested classes annotated with @Configuration.
23:34:11.445 [main] INFO org.springframework.boot.test.context.SpringBootTestContextBootstrapper -- Found @SpringBootConfiguration com.bookstore.onlinebookstore.Application for test class com.bookstore.onlinebookstore.DemoApplicationTests
23:34:11.468 [main] INFO org.springframework.test.context.support.AnnotationConfigContextLoaderUtils -- Could not detect default configuration classes for test class [com.bookstore.onlinebookstore.DemoApplicationTests]: DemoApplicationTests does not declare any static, non-private, non-final, nested classes annotated with @Configuration.
23:34:11.468 [main] INFO org.springframework.boot.test.context.SpringBootTestContextBootstrapper -- Found @SpringBootConfiguration com.bookstore.onlinebookstore.Application for test class com.bookstore.onlinebookstore.DemoApplicationTests
23:34:11.488 [main] INFO org.springframework.boot.devtools.restart.RestartApplicationListener -- Restart disabled due to context in which it is running

  .   ____          _            __ _ _
 /\\ / ___'_ __ _ _(_)_ __  __ _ \ \ \ \
( ( )\___ | '_ | '_| | '_ \/ _` | \ \ \ \
 \\/  ___)| |_)| | | | | || (_| |  ) ) ) )
  '  |____| .__|_| |_|_| |_\__, | / / / /
 =========|_|==============|___/=/_/_/_/

 :: Spring Boot ::                (v4.0.6)

2026-05-26T23:34:11.557+03:00  INFO 15279 --- [           main] c.b.o.DemoApplicationTests               : Starting DemoApplicationTests using Java 25 with PID 15279 (started by maxima in /Users/maxima/IdeaProjects/jv-spring-book-store)
2026-05-26T23:34:11.557+03:00  INFO 15279 --- [           main] c.b.o.DemoApplicationTests               : No active profile set, falling back to 1 default profile: "default"
2026-05-26T23:34:11.678+03:00  INFO 15279 --- [           main] .s.d.r.c.RepositoryConfigurationDelegate : Bootstrapping Spring Data JPA repositories in DEFAULT mode.
2026-05-26T23:34:11.690+03:00  INFO 15279 --- [           main] .s.d.r.c.RepositoryConfigurationDelegate : Finished Spring Data repository scanning in 5 ms. Found 0 JPA repository interfaces.
2026-05-26T23:34:11.794+03:00  INFO 15279 --- [           main] org.hibernate.orm.jpa                    : HHH008540: Processing PersistenceUnitInfo [name: default]
2026-05-26T23:34:11.812+03:00  INFO 15279 --- [           main] org.hibernate.orm.core                   : HHH000001: Hibernate ORM core version 7.2.12.Final
2026-05-26T23:34:11.938+03:00  INFO 15279 --- [           main] o.s.o.j.p.SpringPersistenceUnitInfo      : No LoadTimeWeaver setup: ignoring JPA class transformer
2026-05-26T23:34:11.947+03:00  INFO 15279 --- [           main] com.zaxxer.hikari.HikariDataSource       : HikariPool-1 - Starting...
2026-05-26T23:34:12.071+03:00  INFO 15279 --- [           main] com.zaxxer.hikari.pool.HikariPool        : HikariPool-1 - Added connection com.mysql.cj.jdbc.ConnectionImpl@7544260a
2026-05-26T23:34:12.072+03:00  INFO 15279 --- [           main] com.zaxxer.hikari.HikariDataSource       : HikariPool-1 - Start completed.
2026-05-26T23:34:12.094+03:00  WARN 15279 --- [           main] org.hibernate.orm.deprecation            : HHH90000025: MySQLDialect does not need to be specified explicitly using 'hibernate.dialect' (remove the property setting and it will be selected by default)
2026-05-26T23:34:12.100+03:00  INFO 15279 --- [           main] org.hibernate.orm.connections.pooling    : HHH10001005: Database info:
	Database JDBC URL [jdbc:mysql://localhost:3306/book_store?serverTimezone=UTC]
	Database driver: MySQL Connector/J
	Database dialect: MySQLDialect
	Database version: 8.4.8
	Default catalog/schema: book_store/undefined
	Autocommit mode: undefined/unknown
	Isolation level: REPEATABLE_READ [default REPEATABLE_READ]
	JDBC fetch size: none
	Pool: DataSourceConnectionProvider
	Minimum pool size: undefined/unknown
	Maximum pool size: undefined/unknown
2026-05-26T23:34:12.328+03:00  INFO 15279 --- [           main] org.hibernate.orm.core                   : HHH000489: No JTA platform available (set 'hibernate.transaction.jta.platform' to enable JTA platform integration)
Hibernate: drop table if exists book
Hibernate: create table book (price decimal(38,2) not null, id bigint not null auto_increment, author varchar(255) not null, cover_image varchar(255), description varchar(255), isbn varchar(255) not null, title varchar(255) not null, primary key (id)) engine=InnoDB
Hibernate: alter table book add constraint UKehpdfjpu1jm3hijhj4mm0hx9h unique (isbn)
2026-05-26T23:34:12.353+03:00  INFO 15279 --- [           main] j.LocalContainerEntityManagerFactoryBean : Initialized JPA EntityManagerFactory for persistence unit 'default'
2026-05-26T23:34:12.402+03:00  INFO 15279 --- [           main] c.b.o.DemoApplicationTests               : Started DemoApplicationTests in 0.917 seconds (process running for 1.24)
Hibernate: insert into book (author,cover_image,description,isbn,price,title) values (?,?,?,?,?,?)
Hibernate: select b1_0.id,b1_0.author,b1_0.cover_image,b1_0.description,b1_0.isbn,b1_0.price,b1_0.title from book b1_0
[Book{id=1, title='The Great Gatsby', author='F. Scott Fitzgerald', isbn='9780743273565', price=10.99, description='A story the mysterious millionaire Jay Gatsby.', coverImage='great_gatsby_classic.jpg'}]
]]></system-out>
    <system-err><![CDATA[Mockito is currently self-attaching to enable the inline-mock-maker. This will no longer work in future releases of the JDK. Please add Mockito as an agent to your build as described in Mockito's documentation: https://javadoc.io/doc/org.mockito/mockito-core/latest/org.mockito/org/mockito/Mockito.html#0.3
WARNING: A Java agent has been loaded dynamically (/Users/maxima/.m2/repository/net/bytebuddy/byte-buddy-agent/1.17.8/byte-buddy-agent-1.17.8.jar)
WARNING: If a serviceability tool is in use, please run with -XX:+EnableDynamicAgentLoading to hide this warning
WARNING: If a serviceability tool is not in use, please run with -Djdk.instrument.traceUsage for more information
WARNING: Dynamic loading of agents will be disallowed by default in a future release
]]></system-err>
  </testcase>
</testsuite>