<?xml version="1.0" encoding="UTF-8"?>
<testsuite xmlns:xsi="http://www.w3.org/2001/XMLSchema-instance" xsi:noNamespaceSchemaLocation="https://maven.apache.org/surefire/maven-surefire-plugin/xsd/surefire-test-report.xsd" version="3.0.2" name="com.bookstore.onlinebookstore.DemoApplicationTests" time="0.101" tests="1" errors="0" skipped="0" failures="0" flakes="0">
  <properties>
[...]
</properties>
  <testcase name="contextLoads" classname="com.bookstore.onlinebookstore.DemoApplicationTests" time="0.001">
    <system-out><![CDATA[2026-05-27T13:30:27.434+03:00  INFO 17091 --- [           main] t.c.s.AnnotationConfigContextLoaderUtils : Could not detect default configuration classes for test class [com.bookstore.onlinebookstore.DemoApplicationTests]: DemoApplicationTests does not declare any static, non-private, non-final, nested classes annotated with @Configuration.
2026-05-27T13:30:27.435+03:00  INFO 17091 --- [           main] .b.t.c.SpringBootTestContextBootstrapper : Found @SpringBootConfiguration com.bookstore.onlinebookstore.Application for test class com.bookstore.onlinebookstore.DemoApplicationTests
2026-05-27T13:30:27.435+03:00  INFO 17091 --- [           main] t.c.s.AnnotationConfigContextLoaderUtils : Could not detect default configuration classes for test class [com.bookstore.onlinebookstore.DemoApplicationTests]: DemoApplicationTests does not declare any static, non-private, non-final, nested classes annotated with @Configuration.
2026-05-27T13:30:27.436+03:00  INFO 17091 --- [           main] .b.t.c.SpringBootTestContextBootstrapper : Found @SpringBootConfiguration com.bookstore.onlinebookstore.Application for test class com.bookstore.onlinebookstore.DemoApplicationTests
2026-05-27T13:30:27.438+03:00  INFO 17091 --- [           main] o.s.b.d.r.RestartApplicationListener     : Restart disabled due to context in which it is running

  .   ____          _            __ _ _
 /\\ / ___'_ __ _ _(_)_ __  __ _ \ \ \ \
( ( )\___ | '_ | '_| | '_ \/ _` | \ \ \ \
 \\/  ___)| |_)| | | | | || (_| |  ) ) ) )
  '  |____| .__|_| |_|_| |_\__, | / / / /
 =========|_|==============|___/=/_/_/_/

 :: Spring Boot ::                (v4.0.6)

2026-05-27T13:30:27.450+03:00  INFO 17091 --- [           main] c.b.o.DemoApplicationTests               : Starting DemoApplicationTests using Java 25 with PID 17091 (started by maxima in /Users/maxima/IdeaProjects/jv-spring-book-store)
2026-05-27T13:30:27.450+03:00  INFO 17091 --- [           main] c.b.o.DemoApplicationTests               : The following 1 profile is active: "test"
2026-05-27T13:30:27.477+03:00  INFO 17091 --- [           main] .s.d.r.c.RepositoryConfigurationDelegate : Bootstrapping Spring Data JPA repositories in DEFAULT mode.
2026-05-27T13:30:27.478+03:00  INFO 17091 --- [           main] .s.d.r.c.RepositoryConfigurationDelegate : Finished Spring Data repository scanning in 1 ms. Found 0 JPA repository interfaces.
2026-05-27T13:30:27.498+03:00  INFO 17091 --- [           main] org.hibernate.orm.jpa                    : HHH008540: Processing PersistenceUnitInfo [name: default]
2026-05-27T13:30:27.505+03:00  INFO 17091 --- [           main] o.s.o.j.p.SpringPersistenceUnitInfo      : No LoadTimeWeaver setup: ignoring JPA class transformer
2026-05-27T13:30:27.505+03:00  INFO 17091 --- [           main] com.zaxxer.hikari.HikariDataSource       : HikariPool-2 - Starting...
2026-05-27T13:30:27.506+03:00  INFO 17091 --- [           main] com.zaxxer.hikari.pool.HikariPool        : HikariPool-2 - Added connection conn10: url=jdbc:h2:mem:testdb user=SA
2026-05-27T13:30:27.506+03:00  INFO 17091 --- [           main] com.zaxxer.hikari.HikariDataSource       : HikariPool-2 - Start completed.
2026-05-27T13:30:27.506+03:00  WARN 17091 --- [           main] org.hibernate.orm.deprecation            : HHH90000025: H2Dialect does not need to be specified explicitly using 'hibernate.dialect' (remove the property setting and it will be selected by default)
2026-05-27T13:30:27.506+03:00  INFO 17091 --- [           main] org.hibernate.orm.connections.pooling    : HHH10001005: Database info:
	Database JDBC URL [jdbc:h2:mem:testdb]
	Database driver: H2 JDBC Driver
	Database dialect: H2Dialect
	Database version: 2.4.240
	Default catalog/schema: TESTDB/PUBLIC
	Autocommit mode: undefined/unknown
	Isolation level: READ_COMMITTED [default READ_COMMITTED]
	JDBC fetch size: 100
	Pool: DataSourceConnectionProvider
	Minimum pool size: undefined/unknown
	Maximum pool size: undefined/unknown
2026-05-27T13:30:27.513+03:00  INFO 17091 --- [           main] org.hibernate.orm.core                   : HHH000489: No JTA platform available (set 'hibernate.transaction.jta.platform' to enable JTA platform integration)
2026-05-27T13:30:27.515+03:00  INFO 17091 --- [           main] j.LocalContainerEntityManagerFactoryBean : Initialized JPA EntityManagerFactory for persistence unit 'default'
2026-05-27T13:30:27.531+03:00  INFO 17091 --- [           main] c.b.o.DemoApplicationTests               : Started DemoApplicationTests in 0.093 seconds (process running for 1.656)
[com.bookstore.onlinebookstore.model.Book@6b26839d]
]]></system-out>
  </testcase>
</testsuite>